Error [in Plist_gen.parse]: at record 0 just before byte 13: Array seperator error
Debug output:

nerr = 1, error_code = Nested error at 409 - 410, error_info = No information, span = 0 - 467
(
   (1005022800)
    | 
   nerr = 1, error_code = Nested error at 409 - 410, error_info = No information, span = 13 - 467
   [
      (
         (9068931 | 9068931 | 1 | 
            <0 Some>
             | 
            <0 Some>
             | 
            <0 Some>
             | 
            <0 Some>
             | 
            < None>
             | 
            <
               (68931)
                GenRamp>
             | EDTF_6 | 0 | BREKDAVI | UNO)
          | 
         [
            (EDTF_CRTE | 969940800)
            ]
         )
      ;
      (
         (2711798 | 2228734 | 1 | 
            <-1010071740 Some>
             | 
            <-1010071740 Some>
             | 
            <-1010071740 Some>
             | 
            <-1010071740 Some>
             | 
            <
               <75407 Small_zip>
                Some>
             | 
            <674355321 Ramp>
             | 2 | 0 | 250912 | LOCAL)
          | 
         [
            (CUST_DUE_DATE | 1004417999)
            ]
         )
      ;
      (
         (2711797 | 2228733 | 1 | 
            <563754772 Some>
             | 
            <563754772 Some>
             | 
            <28722068 Some>
             | 
            <28722068 Some>
             | 
            <
               <79762 Small_zip>
                Some>
             | 
            <334777653 Ramp>
             | 2 | 0 | 1614540 | LOCAL)
          | 
         [
            (CUST_DUE_DATE | 1004504399)
            ]
         )
      ;
      nerr = 1, error_code = Nested error at 409 - 410, error_info = No information, span = 342 - 466
      (
         nerr = 1, error_code = Nested error at 409 - 410, error_info = No information, span = 342 - 442
         (2711797 | 2228733 | 1 | 
            <563754772 Some>
             | 
            <563754772 Some>
             | 
            <28722068 Some>
             | 
            <28722068 Some>
             | 
            <
               <79762 Small_zip>
                Some>
             | 
            <334777653 Ramp>
             | 2 | 0 | 1614540 | LOCAL)
          | 
         [
            (CUST_DUE_DATE | 1004504399)
            ]
         )
      ]
   )
